[2019-02-19 16:49:48,521] {client.py:14} WARNING - REQUEST LOG	GET {"request": {}, "response": {"message": "The requested URL was not found on the server.  If you entered the URL manually please check your spelling and try again."}}
[2019-02-19 16:49:58,477] {client.py:14} WARNING - REQUEST LOG	GET {"request": {}, "response": [{"client_id": 0, "client_key": "CLIENT0", "client_secret": "SECRET0", "status": false}, {"client_id": 1, "client_key": "CLIENT1", "client_secret": "SECRET1", "status": true}, {"client_id": 2, "client_key": "CLIENT2", "client_secret": "SECRET2", "status": true}, {"client_id": 3, "client_key": "CLIENT3", "client_secret": "SECRET3", "status": false}, {"client_id": 4, "client_key": "CLIENT4", "client_secret": "SECRET4", "status": true}, {"client_id": 5, "client_key": "CLIENT5", "client_secret": "SECRET5", "status": true}, {"client_id": 6, "client_key": "CLIENT6", "client_secret": "SECRET6", "status": true}, {"client_id": 7, "client_key": "CLIENT7", "client_secret": "SECRET7", "status": false}, {"client_id": 8, "client_key": "CLIENT8", "client_secret": "SECRET8", "status": true}, {"client_id": 9, "client_key": "CLIENT9", "client_secret": "SECRET9", "status": false}, {"client_id": 10, "client_key": "CLIENT10", "client_secret": "SECRET10", "status": false}, {"client_id": 11, "client_key": "CLIENT11", "client_secret": "SECRET11", "status": true}, {"client_id": 12, "client_key": "CLIENT12", "client_secret": "SECRET12", "status": false}, {"client_id": 13, "client_key": "CLIENT13", "client_secret": "SECRET13", "status": false}, {"client_id": 14, "client_key": "CLIENT14", "client_secret": "SECRET14", "status": false}]}
[2019-02-19 16:50:16,658] {client.py:14} WARNING - REQUEST LOG	GET {"request": {}, "response": [{"client_id": 0, "client_key": "CLIENT0", "client_secret": "SECRET0", "status": false}, {"client_id": 1, "client_key": "CLIENT1", "client_secret": "SECRET1", "status": true}, {"client_id": 2, "client_key": "CLIENT2", "client_secret": "SECRET2", "status": true}, {"client_id": 3, "client_key": "CLIENT3", "client_secret": "SECRET3", "status": false}, {"client_id": 4, "client_key": "CLIENT4", "client_secret": "SECRET4", "status": true}, {"client_id": 5, "client_key": "CLIENT5", "client_secret": "SECRET5", "status": true}, {"client_id": 6, "client_key": "CLIENT6", "client_secret": "SECRET6", "status": true}, {"client_id": 7, "client_key": "CLIENT7", "client_secret": "SECRET7", "status": false}, {"client_id": 8, "client_key": "CLIENT8", "client_secret": "SECRET8", "status": true}, {"client_id": 9, "client_key": "CLIENT9", "client_secret": "SECRET9", "status": false}, {"client_id": 10, "client_key": "CLIENT10", "client_secret": "SECRET10", "status": false}, {"client_id": 11, "client_key": "CLIENT11", "client_secret": "SECRET11", "status": true}, {"client_id": 12, "client_key": "CLIENT12", "client_secret": "SECRET12", "status": false}, {"client_id": 13, "client_key": "CLIENT13", "client_secret": "SECRET13", "status": false}, {"client_id": 14, "client_key": "CLIENT14", "client_secret": "SECRET14", "status": false}]}
[2019-02-19 16:50:33,174] {client.py:14} WARNING - REQUEST LOG	GET {"request": {}, "response": [{"client_id": 0, "client_key": "CLIENT0", "client_secret": "SECRET0", "status": false}, {"client_id": 1, "client_key": "CLIENT1", "client_secret": "SECRET1", "status": true}, {"client_id": 2, "client_key": "CLIENT2", "client_secret": "SECRET2", "status": true}, {"client_id": 3, "client_key": "CLIENT3", "client_secret": "SECRET3", "status": false}, {"client_id": 4, "client_key": "CLIENT4", "client_secret": "SECRET4", "status": true}, {"client_id": 5, "client_key": "CLIENT5", "client_secret": "SECRET5", "status": true}, {"client_id": 6, "client_key": "CLIENT6", "client_secret": "SECRET6", "status": true}, {"client_id": 7, "client_key": "CLIENT7", "client_secret": "SECRET7", "status": false}, {"client_id": 8, "client_key": "CLIENT8", "client_secret": "SECRET8", "status": true}, {"client_id": 9, "client_key": "CLIENT9", "client_secret": "SECRET9", "status": false}, {"client_id": 10, "client_key": "CLIENT10", "client_secret": "SECRET10", "status": false}, {"client_id": 11, "client_key": "CLIENT11", "client_secret": "SECRET11", "status": true}, {"client_id": 12, "client_key": "CLIENT12", "client_secret": "SECRET12", "status": false}, {"client_id": 13, "client_key": "CLIENT13", "client_secret": "SECRET13", "status": false}, {"client_id": 14, "client_key": "CLIENT14", "client_secret": "SECRET14", "status": false}]}
[2019-02-19 16:50:36,652] {/home/alphatech/rest_training/lib/python3.6/site-packages/flask/app.py:1761} ERROR - Exception on /client/1 [GET]
Traceback (most recent call last):
  File "/home/alphatech/rest_training/lib/python3.6/site-packages/flask/app.py", line 1813, in full_dispatch_request
    rv = self.dispatch_request()
  File "/home/alphatech/rest_training/lib/python3.6/site-packages/flask/app.py", line 1799, in dispatch_request
    return self.view_functions[rule.endpoint](**req.view_args)
  File "/home/alphatech/rest_training/lib/python3.6/site-packages/flask_restful/__init__.py", line 458, in wrapper
    resp = resource(*args, **kwargs)
  File "/home/alphatech/rest_training/lib/python3.6/site-packages/flask/views.py", line 88, in view
    return self.dispatch_request(*args, **kwargs)
  File "/home/alphatech/rest_training/lib/python3.6/site-packages/flask_restful/__init__.py", line 573, in dispatch_request
    resp = meth(*args, **kwargs)
  File "/home/alphatech/rest_training/rest_svc/Client/blueprint/client/resources.py", line 22, in get
    hasil_get = self.klien.get_by_id(client_id)
  File "/home/alphatech/rest_training/rest_svc/Client/blueprint/client/__init__.py", line 40, in get_by_id
    if self.list_client[i]["id"] == client_id:
KeyError: 'id'
[2019-02-19 16:50:36,654] {client.py:14} WARNING - REQUEST LOG	GET {"request": {}, "response": {"message": "Internal Server Error"}}
[2019-02-19 16:50:56,693] {client.py:14} WARNING - REQUEST LOG	GET {"request": {}, "response": [{"client_id": 0, "client_key": "CLIENT0", "client_secret": "SECRET0", "status": false}, {"client_id": 1, "client_key": "CLIENT1", "client_secret": "SECRET1", "status": true}, {"client_id": 2, "client_key": "CLIENT2", "client_secret": "SECRET2", "status": true}, {"client_id": 3, "client_key": "CLIENT3", "client_secret": "SECRET3", "status": false}, {"client_id": 4, "client_key": "CLIENT4", "client_secret": "SECRET4", "status": true}, {"client_id": 5, "client_key": "CLIENT5", "client_secret": "SECRET5", "status": true}, {"client_id": 6, "client_key": "CLIENT6", "client_secret": "SECRET6", "status": true}, {"client_id": 7, "client_key": "CLIENT7", "client_secret": "SECRET7", "status": false}, {"client_id": 8, "client_key": "CLIENT8", "client_secret": "SECRET8", "status": true}, {"client_id": 9, "client_key": "CLIENT9", "client_secret": "SECRET9", "status": false}, {"client_id": 10, "client_key": "CLIENT10", "client_secret": "SECRET10", "status": false}, {"client_id": 11, "client_key": "CLIENT11", "client_secret": "SECRET11", "status": true}, {"client_id": 12, "client_key": "CLIENT12", "client_secret": "SECRET12", "status": false}, {"client_id": 13, "client_key": "CLIENT13", "client_secret": "SECRET13", "status": false}, {"client_id": 14, "client_key": "CLIENT14", "client_secret": "SECRET14", "status": false}]}
[2019-02-19 16:52:11,893] {/home/alphatech/rest_training/lib/python3.6/site-packages/flask/app.py:1761} ERROR - Exception on /client/1 [GET]
Traceback (most recent call last):
  File "/home/alphatech/rest_training/lib/python3.6/site-packages/flask/app.py", line 1813, in full_dispatch_request
    rv = self.dispatch_request()
  File "/home/alphatech/rest_training/lib/python3.6/site-packages/flask/app.py", line 1799, in dispatch_request
    return self.view_functions[rule.endpoint](**req.view_args)
  File "/home/alphatech/rest_training/lib/python3.6/site-packages/flask_restful/__init__.py", line 458, in wrapper
    resp = resource(*args, **kwargs)
  File "/home/alphatech/rest_training/lib/python3.6/site-packages/flask/views.py", line 88, in view
    return self.dispatch_request(*args, **kwargs)
  File "/home/alphatech/rest_training/lib/python3.6/site-packages/flask_restful/__init__.py", line 573, in dispatch_request
    resp = meth(*args, **kwargs)
  File "/home/alphatech/rest_training/rest_svc/Client/blueprint/client/resources.py", line 22, in get
    hasil_get = self.klien.get_by_id(client_id)
  File "/home/alphatech/rest_training/rest_svc/Client/blueprint/client/__init__.py", line 40, in get_by_id
    if self.list_client[i]["id"] == client_id:
KeyError: 'id'
[2019-02-19 16:52:11,894] {client.py:14} WARNING - REQUEST LOG	GET {"request": {}, "response": {"message": "Internal Server Error"}}
[2019-02-19 16:52:16,918] {/home/alphatech/rest_training/lib/python3.6/site-packages/flask/app.py:1761} ERROR - Exception on /client/0 [GET]
Traceback (most recent call last):
  File "/home/alphatech/rest_training/lib/python3.6/site-packages/flask/app.py", line 1813, in full_dispatch_request
    rv = self.dispatch_request()
  File "/home/alphatech/rest_training/lib/python3.6/site-packages/flask/app.py", line 1799, in dispatch_request
    return self.view_functions[rule.endpoint](**req.view_args)
  File "/home/alphatech/rest_training/lib/python3.6/site-packages/flask_restful/__init__.py", line 458, in wrapper
    resp = resource(*args, **kwargs)
  File "/home/alphatech/rest_training/lib/python3.6/site-packages/flask/views.py", line 88, in view
    return self.dispatch_request(*args, **kwargs)
  File "/home/alphatech/rest_training/lib/python3.6/site-packages/flask_restful/__init__.py", line 573, in dispatch_request
    resp = meth(*args, **kwargs)
  File "/home/alphatech/rest_training/rest_svc/Client/blueprint/client/resources.py", line 22, in get
    hasil_get = self.klien.get_by_id(client_id)
  File "/home/alphatech/rest_training/rest_svc/Client/blueprint/client/__init__.py", line 40, in get_by_id
    if self.list_client[i]["id"] == client_id:
KeyError: 'id'
[2019-02-19 16:52:16,918] {client.py:14} WARNING - REQUEST LOG	GET {"request": {}, "response": {"message": "Internal Server Error"}}
[2019-02-19 16:52:49,154] {/home/alphatech/rest_training/lib/python3.6/site-packages/flask/app.py:1761} ERROR - Exception on /client/0 [DELETE]
Traceback (most recent call last):
  File "/home/alphatech/rest_training/lib/python3.6/site-packages/flask/app.py", line 1813, in full_dispatch_request
    rv = self.dispatch_request()
  File "/home/alphatech/rest_training/lib/python3.6/site-packages/flask/app.py", line 1799, in dispatch_request
    return self.view_functions[rule.endpoint](**req.view_args)
  File "/home/alphatech/rest_training/lib/python3.6/site-packages/flask_restful/__init__.py", line 458, in wrapper
    resp = resource(*args, **kwargs)
  File "/home/alphatech/rest_training/lib/python3.6/site-packages/flask/views.py", line 88, in view
    return self.dispatch_request(*args, **kwargs)
  File "/home/alphatech/rest_training/lib/python3.6/site-packages/flask_restful/__init__.py", line 573, in dispatch_request
    resp = meth(*args, **kwargs)
  File "/home/alphatech/rest_training/rest_svc/Client/blueprint/client/resources.py", line 49, in delete
    hasil_delete = self.klien.delete(client_id)
  File "/home/alphatech/rest_training/rest_svc/Client/blueprint/client/__init__.py", line 60, in delete
    if self.list_client[i]["id"] == client_id:
KeyError: 'id'
[2019-02-19 16:52:49,154] {client.py:16} WARNING - REQUEST LOG	DELETE {"request": {"id": 90, "title": "Nyoba Buku 90 post", "isbn": "123456", "writer": "John Doe"}, "response": {"message": "Internal Server Error"}}
[2019-02-19 16:52:55,037] {/home/alphatech/rest_training/lib/python3.6/site-packages/flask/app.py:1761} ERROR - Exception on /client [DELETE]
Traceback (most recent call last):
  File "/home/alphatech/rest_training/lib/python3.6/site-packages/flask/app.py", line 1813, in full_dispatch_request
    rv = self.dispatch_request()
  File "/home/alphatech/rest_training/lib/python3.6/site-packages/flask/app.py", line 1799, in dispatch_request
    return self.view_functions[rule.endpoint](**req.view_args)
  File "/home/alphatech/rest_training/lib/python3.6/site-packages/flask_restful/__init__.py", line 458, in wrapper
    resp = resource(*args, **kwargs)
  File "/home/alphatech/rest_training/lib/python3.6/site-packages/flask/views.py", line 88, in view
    return self.dispatch_request(*args, **kwargs)
  File "/home/alphatech/rest_training/lib/python3.6/site-packages/flask_restful/__init__.py", line 573, in dispatch_request
    resp = meth(*args, **kwargs)
TypeError: delete() missing 1 required positional argument: 'client_id'
[2019-02-19 16:52:55,038] {client.py:16} WARNING - REQUEST LOG	DELETE {"request": {"id": 90, "title": "Nyoba Buku 90 post", "isbn": "123456", "writer": "John Doe"}, "response": {"message": "Internal Server Error"}}
[2019-02-19 16:52:58,709] {client.py:14} WARNING - REQUEST LOG	GET {"request": {}, "response": [{"client_id": 0, "client_key": "CLIENT0", "client_secret": "SECRET0", "status": false}, {"client_id": 1, "client_key": "CLIENT1", "client_secret": "SECRET1", "status": true}, {"client_id": 2, "client_key": "CLIENT2", "client_secret": "SECRET2", "status": true}, {"client_id": 3, "client_key": "CLIENT3", "client_secret": "SECRET3", "status": false}, {"client_id": 4, "client_key": "CLIENT4", "client_secret": "SECRET4", "status": true}, {"client_id": 5, "client_key": "CLIENT5", "client_secret": "SECRET5", "status": true}, {"client_id": 6, "client_key": "CLIENT6", "client_secret": "SECRET6", "status": true}, {"client_id": 7, "client_key": "CLIENT7", "client_secret": "SECRET7", "status": false}, {"client_id": 8, "client_key": "CLIENT8", "client_secret": "SECRET8", "status": true}, {"client_id": 9, "client_key": "CLIENT9", "client_secret": "SECRET9", "status": false}, {"client_id": 10, "client_key": "CLIENT10", "client_secret": "SECRET10", "status": false}, {"client_id": 11, "client_key": "CLIENT11", "client_secret": "SECRET11", "status": true}, {"client_id": 12, "client_key": "CLIENT12", "client_secret": "SECRET12", "status": false}, {"client_id": 13, "client_key": "CLIENT13", "client_secret": "SECRET13", "status": false}, {"client_id": 14, "client_key": "CLIENT14", "client_secret": "SECRET14", "status": false}]}
[2019-02-19 16:53:26,883] {client.py:16} WARNING - REQUEST LOG	POST {"request": {"client_id": 100, "client_key": "CLIENT100", "client_secret": "SECRET100", "status": false}, "response": {"client_id": 100, "client_key": "CLIENT100", "client_secret": "SECRET100", "status": "False"}}
[2019-02-19 16:53:30,959] {client.py:14} WARNING - REQUEST LOG	GET {"request": {}, "response": [{"client_id": 0, "client_key": "CLIENT0", "client_secret": "SECRET0", "status": false}, {"client_id": 1, "client_key": "CLIENT1", "client_secret": "SECRET1", "status": true}, {"client_id": 2, "client_key": "CLIENT2", "client_secret": "SECRET2", "status": true}, {"client_id": 3, "client_key": "CLIENT3", "client_secret": "SECRET3", "status": false}, {"client_id": 4, "client_key": "CLIENT4", "client_secret": "SECRET4", "status": true}, {"client_id": 5, "client_key": "CLIENT5", "client_secret": "SECRET5", "status": true}, {"client_id": 6, "client_key": "CLIENT6", "client_secret": "SECRET6", "status": true}, {"client_id": 7, "client_key": "CLIENT7", "client_secret": "SECRET7", "status": false}, {"client_id": 8, "client_key": "CLIENT8", "client_secret": "SECRET8", "status": true}, {"client_id": 9, "client_key": "CLIENT9", "client_secret": "SECRET9", "status": false}, {"client_id": 10, "client_key": "CLIENT10", "client_secret": "SECRET10", "status": false}, {"client_id": 11, "client_key": "CLIENT11", "client_secret": "SECRET11", "status": true}, {"client_id": 12, "client_key": "CLIENT12", "client_secret": "SECRET12", "status": false}, {"client_id": 13, "client_key": "CLIENT13", "client_secret": "SECRET13", "status": false}, {"client_id": 14, "client_key": "CLIENT14", "client_secret": "SECRET14", "status": false}, {"client_id": 100, "client_key": "CLIENT100", "client_secret": "SECRET100", "status": "False"}]}
[2019-02-19 16:54:54,383] {client.py:14} WARNING - REQUEST LOG	GET {"request": {}, "response": {"client_id": 2, "client_key": "CLIENT2", "client_secret": "SECRET2", "status": false}}
[2019-02-19 16:55:13,318] {client.py:16} WARNING - REQUEST LOG	PUT {"request": {"client_id": 2, "client_key": "CLIENT2 nyoba put", "client_secret": "SECRET2", "status": true}, "response": {"client_id": 2, "client_key": "CLIENT2 nyoba put", "client_secret": "SECRET2", "status": "True"}}
[2019-02-19 16:55:17,263] {client.py:14} WARNING - REQUEST LOG	GET {"request": {}, "response": {"client_id": 2, "client_key": "CLIENT2 nyoba put", "client_secret": "SECRET2", "status": "True"}}
[2019-02-19 16:55:24,030] {client.py:16} WARNING - REQUEST LOG	DELETE {"request": {"client_id": 2, "client_key": "CLIENT2 nyoba put", "client_secret": "SECRET2", "status": true}, "response": true}
[2019-02-19 16:55:27,182] {client.py:14} WARNING - REQUEST LOG	GET {"request": {}, "response": {"status": "NOT_FOUND"}}
[2019-02-19 16:56:42,992] {client.py:14} WARNING - REQUEST LOG	GET {"request": {}, "response": {"client_id": 2, "client_key": "CLIENT2", "client_secret": "SECRET2", "status": true}}
[2019-02-19 16:56:46,789] {client.py:14} WARNING - REQUEST LOG	GET {"request": {}, "response": [{"client_id": 0, "client_key": "CLIENT0", "client_secret": "SECRET0", "status": true}, {"client_id": 1, "client_key": "CLIENT1", "client_secret": "SECRET1", "status": true}, {"client_id": 2, "client_key": "CLIENT2", "client_secret": "SECRET2", "status": true}, {"client_id": 3, "client_key": "CLIENT3", "client_secret": "SECRET3", "status": true}, {"client_id": 4, "client_key": "CLIENT4", "client_secret": "SECRET4", "status": false}, {"client_id": 5, "client_key": "CLIENT5", "client_secret": "SECRET5", "status": false}, {"client_id": 6, "client_key": "CLIENT6", "client_secret": "SECRET6", "status": false}, {"client_id": 7, "client_key": "CLIENT7", "client_secret": "SECRET7", "status": false}, {"client_id": 8, "client_key": "CLIENT8", "client_secret": "SECRET8", "status": false}, {"client_id": 9, "client_key": "CLIENT9", "client_secret": "SECRET9", "status": false}, {"client_id": 10, "client_key": "CLIENT10", "client_secret": "SECRET10", "status": false}, {"client_id": 11, "client_key": "CLIENT11", "client_secret": "SECRET11", "status": true}, {"client_id": 12, "client_key": "CLIENT12", "client_secret": "SECRET12", "status": false}, {"client_id": 13, "client_key": "CLIENT13", "client_secret": "SECRET13", "status": true}, {"client_id": 14, "client_key": "CLIENT14", "client_secret": "SECRET14", "status": true}]}
